Sun 06 Aug 2023 07:16:19 PM UTC: 
 tests:  0|7
total_score: 0/70
ce66795
Mon 07 Aug 2023 04:07:00 PM UTC: 
 exercises.c | 92 ++++++++++++++++---------------------------------------------
 1 file changed, 24 insertions(+), 68 deletions(-)
test.c: In function ‘test_swap’:
test.c:61:5: error: implicit declaration of function ‘swap’ [-Werror=implicit-function-declaration]
   61 |     swap(&a, &b);
      |     ^~~~
test.c: In function ‘test_arrayMaxMin’:
test.c:91:5: error: implicit declaration of function ‘arrayMaxMin’; did you mean ‘test_arrayMaxMin’? [-Werror=implicit-function-declaration]
   91 |     arrayMaxMin(a, 10, max0, min0);
      |     ^~~~~~~~~~~
      |     test_arrayMaxMin
test.c: In function ‘test_creaP’:
test.c:112:5: error: unknown type name ‘Persona’
  112 |     Persona* p=crearPersona(nombre, "15489XXX-2", edad);
      |     ^~~~~~~
test.c:112:16: error: implicit declaration of function ‘crearPersona’ [-Werror=implicit-function-declaration]
  112 |     Persona* p=crearPersona(nombre, "15489XXX-2", edad);
      |                ^~~~~~~~~~~~
test.c:112:16: error: initialization of ‘int *’ from ‘int’ makes pointer from integer without a cast [-Werror=int-conversion]
test.c:120:16: error: request for member ‘nombre’ in something not a structure or union
  120 |     if(strcmp(p->nombre,nombre)!=0){
      |                ^~
test.c:121:37: error: request for member ‘nombre’ in something not a structure or union
  121 |         sprintf(msg,"p->nombre=%s",p->nombre);
      |                                     ^~
test.c:126:9: error: request for member ‘edad’ in something not a structure or union
  126 |     if(p->edad!=edad){
      |         ^~
test.c:127:35: error: request for member ‘edad’ in something not a structure or union
  127 |         sprintf(msg,"p->edad=%d",p->edad);
      |                                   ^~
test.c: In function ‘test_creaV’:
test.c:140:5: error: unknown type name ‘Vector’
  140 |     Vector *v = crearVector(size);
      |     ^~~~~~
test.c:140:17: error: implicit declaration of function ‘crearVector’ [-Werror=implicit-function-declaration]
  140 |     Vector *v = crearVector(size);
      |                 ^~~~~~~~~~~
test.c:140:17: error: initialization of ‘int *’ from ‘int’ makes pointer from integer without a cast [-Werror=int-conversion]
test.c:144:9: error: request for member ‘capacidad’ in something not a structure or union
  144 |     if(v->capacidad != size){
      |         ^~
test.c:149:13: error: request for member ‘datos’ in something not a structure or union
  149 |         if(v->datos[i] != 0){
      |             ^~
test.c: In function ‘test_asignarObtenerValor’:
test.c:164:5: error: unknown type name ‘Vector’
  164 |     Vector *v = (Vector*)malloc(sizeof(Vector));
      |     ^~~~~~
test.c:164:18: error: ‘Vector’ undeclared (first use in this function)
  164 |     Vector *v = (Vector*)malloc(sizeof(Vector));
      |                  ^~~~~~
test.c:164:18: note: each undeclared identifier is reported only once for each function it appears in
test.c:164:25: error: expected expression before ‘)’ token
  164 |     Vector *v = (Vector*)malloc(sizeof(Vector));
      |                         ^
test.c:165:6: error: request for member ‘datos’ in something not a structure or union
  165 |     v->datos = (int *)calloc(3, sizeof(int));
      |      ^~
test.c:166:6: error: request for member ‘capacidad’ in something not a structure or union
  166 |     v->capacidad = 3;
      |      ^~
test.c:167:5: error: implicit declaration of function ‘asignarValor’ [-Werror=implicit-function-declaration]
  167 |     asignarValor(v, 0, a);
      |     ^~~~~~~~~~~~
test.c:171:13: error: implicit declaration of function ‘obtenerValor’ [-Werror=implicit-function-declaration]
  171 |     int val=obtenerValor(v,0);
      |             ^~~~~~~~~~~~
test.c: In function ‘test_sumaV’:
test.c:197:5: error: unknown type name ‘Vector’
  197 |     Vector *v1 = (Vector*)malloc(sizeof(Vector));
      |     ^~~~~~
test.c:197:19: error: ‘Vector’ undeclared (first use in this function)
  197 |     Vector *v1 = (Vector*)malloc(sizeof(Vector));
      |                   ^~~~~~
test.c:197:26: error: expected expression before ‘)’ token
  197 |     Vector *v1 = (Vector*)malloc(sizeof(Vector));
      |                          ^
test.c:198:7: error: request for member ‘datos’ in something not a structure or union
  198 |     v1->datos = (int *)calloc(3, sizeof(int));
      |       ^~
test.c:199:7: error: request for member ‘capacidad’ in something not a structure or union
  199 |     v1->capacidad = 3;
      |       ^~
test.c:201:7: error: request for member ‘datos’ in something not a structure or union
  201 |     v1->datos[0]=a; v1->datos[1]=b; v1->datos[2]=c;
      |       ^~
test.c:201:23: error: request for member ‘datos’ in something not a structure or union
  201 |     v1->datos[0]=a; v1->datos[1]=b; v1->datos[2]=c;
      |                       ^~
test.c:201:39: error: request for member ‘datos’ in something not a structure or union
  201 |     v1->datos[0]=a; v1->datos[1]=b; v1->datos[2]=c;
      |                                       ^~
test.c:207:13: error: ‘v2’ undeclared (first use in this function); did you mean ‘v1’?
  207 |     Vector *v2 = (Vector*)malloc(sizeof(Vector));
      |             ^~
      |             v1
test.c:207:26: error: expected expression before ‘)’ token
  207 |     Vector *v2 = (Vector*)malloc(sizeof(Vector));
      |                          ^
test.c:214:13: error: ‘v3’ undeclared (first use in this function); did you mean ‘v1’?
  214 |     Vector *v3 = (Vector*)malloc(sizeof(Vector));
      |             ^~
      |             v1
test.c:214:26: error: expected expression before ‘)’ token
  214 |     Vector *v3 = (Vector*)malloc(sizeof(Vector));
      |                          ^
test.c:218:5: error: implicit declaration of function ‘sumaV’ [-Werror=implicit-function-declaration]
  218 |     sumaV(v1, v2, v3);
      |     ^~~~~
test.c: In function ‘test_sumaV2’:
test.c:232:5: error: unknown type name ‘Vector’
  232 |     Vector *c = (Vector*)malloc(sizeof(Vector));
      |     ^~~~~~
test.c:232:18: error: ‘Vector’ undeclared (first use in this function)
  232 |     Vector *c = (Vector*)malloc(sizeof(Vector));
      |                  ^~~~~~
test.c:232:25: error: expected expression before ‘)’ token
  232 |     Vector *c = (Vector*)malloc(sizeof(Vector));
      |                         ^
test.c:233:6: error: request for member ‘datos’ in something not a structure or union
  233 |     c->datos = (int *)calloc(2, sizeof(int));
      |      ^~
test.c:234:6: error: request for member ‘capacidad’ in something not a structure or union
  234 |     c->capacidad = 2;
      |      ^~
test.c:238:5: error: implicit declaration of function ‘sumaV2’ [-Werror=implicit-function-declaration]
  238 |     sumaV2(a1,a2,b1,b2,c);
      |     ^~~~~~
test.c:240:9: error: request for member ‘datos’ in something not a structure or union
  240 |     if(c->datos[0]!=a1+b1 || c->datos[1]!=a2+b2){
      |         ^~
test.c:240:31: error: request for member ‘datos’ in something not a structure or union
  240 |     if(c->datos[0]!=a1+b1 || c->datos[1]!=a2+b2){
      |                               ^~
test.c:241:51: error: request for member ‘datos’ in something not a structure or union
  241 |         sprintf(msg,"suma incorrecta, c=(%d,%d)",c->datos[0],c->datos[1]);
      |                                                   ^~
test.c:241:63: error: request for member ‘datos’ in something not a structure or union
  241 |         sprintf(msg,"suma incorrecta, c=(%d,%d)",c->datos[0],c->datos[1]);
      |                                                               ^~
cc1: all warnings being treated as errors
Compilation failed
6a9e63e
Mon 07 Aug 2023 04:09:37 PM UTC: 
 exercises.c | 32 ++++++++++----------------------
 1 file changed, 10 insertions(+), 22 deletions(-)
 tests:  0|1
total_score: 0/70
584dac4
Mon 07 Aug 2023 04:09:59 PM UTC: 
 exercises.c | 2 +-
 1 file changed, 1 insertion(+), 1 deletion(-)
 tests:  1|0
total_score: 10/70
e778768
Mon 07 Aug 2023 04:12:24 PM UTC: 
 exercises.c | 2 +-
 1 file changed, 1 insertion(+), 1 deletion(-)
 tests:  0|1
total_score: 0/70
3aa66aa
Mon 07 Aug 2023 04:13:27 PM UTC: 
 exercises.c | 2 +-
 1 file changed, 1 insertion(+), 1 deletion(-)
 tests:  0|1
total_score: 0/70
fe86a62
Mon 07 Aug 2023 04:13:44 PM UTC: 
 exercises.c | 2 +-
 1 file changed, 1 insertion(+), 1 deletion(-)
 tests:  0|1
total_score: 0/70
2429a29
Mon 07 Aug 2023 04:14:08 PM UTC: 
 exercises.c | 2 +-
 1 file changed, 1 insertion(+), 1 deletion(-)
 tests:  0|1
total_score: 0/70
5016f6e
Mon 07 Aug 2023 04:14:41 PM UTC: 
 exercises.c | 2 +-
 1 file changed, 1 insertion(+), 1 deletion(-)
 tests:  0|1
total_score: 0/70
39a6ac5
Mon 07 Aug 2023 04:15:48 PM UTC: 
 exercises.c | 2 +-
 1 file changed, 1 insertion(+), 1 deletion(-)
 tests:  0|1
total_score: 0/70
d32bd91
Mon 07 Aug 2023 04:16:23 PM UTC: 
 exercises.c | 2 +-
 1 file changed, 1 insertion(+), 1 deletion(-)
 tests:  0|1
total_score: 0/70
7cdfebc
Mon 07 Aug 2023 04:26:04 PM UTC: 
 exercises.c | 6 +++---
 1 file changed, 3 insertions(+), 3 deletions(-)
 tests:  0|1
total_score: 0/70
022561a
Mon 07 Aug 2023 04:27:14 PM UTC: 
 exercises.c | 2 +-
 1 file changed, 1 insertion(+), 1 deletion(-)
 tests:  0|1
total_score: 0/70
1e721df
Mon 07 Aug 2023 04:27:41 PM UTC: 
 exercises.c | 2 +-
 1 file changed, 1 insertion(+), 1 deletion(-)
 tests:  0|1
total_score: 0/70
89f6d68
Mon 07 Aug 2023 04:29:03 PM UTC: 
 exercises.c | 2 +-
 1 file changed, 1 insertion(+), 1 deletion(-)
 tests:  0|1
total_score: 0/70
0a04931
Mon 07 Aug 2023 04:30:16 PM UTC: 
 exercises.c | 2 +-
 1 file changed, 1 insertion(+), 1 deletion(-)
 tests:  0|1
total_score: 0/70
8068534
Mon 07 Aug 2023 04:30:24 PM UTC: 
 exercises.c | 2 +-
 1 file changed, 1 insertion(+), 1 deletion(-)
 tests:  1|0
total_score: 10/70
02cee15
Mon 07 Aug 2023 04:31:47 PM UTC: 
 exercises.c | 2 +-
 1 file changed, 1 insertion(+), 1 deletion(-)
test.c: In function ‘test_findMax’:
test.c:77:95: error: expected ‘;’ before ‘printf’
   77 |     if (found==0) printf("   [FAILED] El elemento retornado no se encuentra en el arreglo.\n")
      |                                                                                               ^
      |                                                                                               ;
   78 |     printf("   [OK] findMax\n");
      |     ~~~~~~                                                                                     
Compilation failed
829e80b
Mon 07 Aug 2023 04:32:01 PM UTC: 
 exercises.c | 2 +-
 1 file changed, 1 insertion(+), 1 deletion(-)
 tests:  1|1
total_score: 10/70
2b552a1
Mon 07 Aug 2023 04:32:38 PM UTC: 
 exercises.c | 2 +-
 1 file changed, 1 insertion(+), 1 deletion(-)
 tests:  0|1
total_score: 0/70
229271b
Mon 07 Aug 2023 04:32:59 PM UTC: 
 exercises.c | 2 +-
 1 file changed, 1 insertion(+), 1 deletion(-)
 tests:  0|1
total_score: 0/70
a1dfbf5
Mon 07 Aug 2023 04:38:01 PM UTC: 
 exercises.c | 4 +++-
 1 file changed, 3 insertions(+), 1 deletion(-)
test.c: In function ‘test_reverseArray’:
test.c:94:27: error: ‘arr2’ may be used uninitialized [-Werror=maybe-uninitialized]
   94 |         if (arr[i] != arr2[size - i - 1]) {
      |                       ~~~~^~~~~~~~~~~~~~
test.c:89:9: note: ‘arr2’ declared here
   89 |     int arr2[100];
      |         ^~~~
cc1: all warnings being treated as errors
Compilation failed
31a5d4b
Mon 07 Aug 2023 04:39:40 PM UTC: 
 exercises.c | 2 +-
 1 file changed, 1 insertion(+), 1 deletion(-)
 tests:  0|2
total_score: 0/70
da0a9e8
Mon 07 Aug 2023 04:39:59 PM UTC: 
 exercises.c | 2 +-
 1 file changed, 1 insertion(+), 1 deletion(-)
 tests:  0|2
total_score: 0/70
f7b76e2
Mon 07 Aug 2023 04:40:40 PM UTC: 
 exercises.c | 2 +-
 1 file changed, 1 insertion(+), 1 deletion(-)
 tests:  0|2
total_score: 0/70
ae31cdf
Mon 07 Aug 2023 04:42:30 PM UTC: 
 exercises.c | 2 +-
 1 file changed, 1 insertion(+), 1 deletion(-)
 tests:  0|1
total_score: 0/70
f741ca2
Mon 07 Aug 2023 04:43:18 PM UTC: 
 exercises.c | 2 +-
 1 file changed, 1 insertion(+), 1 deletion(-)
 tests:  0|1
total_score: 0/70
c0c8278
Mon 07 Aug 2023 04:45:04 PM UTC: 
 exercises.c | 2 +-
 1 file changed, 1 insertion(+), 1 deletion(-)
test.c: In function ‘test_reverseArray’:
test.c:100:5: error: implicit declaration of function ‘print’; did you mean ‘printf’? [-Werror=implicit-function-declaration]
  100 |     print("reversed array:");
      |     ^~~~~
      |     printf
test.c:101:5: error: too few arguments to function ‘print_array’
  101 |     print_array(arr);
      |     ^~~~~~~~~~~
test.c:53:6: note: declared here
   53 | void print_array(int arr[], int size){
      |      ^~~~~~~~~~~
cc1: all warnings being treated as errors
Compilation failed
6c74543
Mon 07 Aug 2023 04:45:21 PM UTC: 
 exercises.c | 2 +-
 1 file changed, 1 insertion(+), 1 deletion(-)
test.c: In function ‘test_reverseArray’:
test.c:99:3: error: too few arguments to function ‘print_array’
   99 |   print_array(arr);
      |   ^~~~~~~~~~~
test.c:50:6: note: declared here
   50 | void print_array(int arr[], int size) {
      |      ^~~~~~~~~~~
Compilation failed
aedcf45
Mon 07 Aug 2023 04:45:40 PM UTC: 
 exercises.c | 2 +-
 1 file changed, 1 insertion(+), 1 deletion(-)
 tests:  0|1
total_score: 0/70
1015f01
Mon 07 Aug 2023 04:46:03 PM UTC: 
 exercises.c | 2 +-
 1 file changed, 1 insertion(+), 1 deletion(-)
 tests:  0|2
total_score: 0/70
a75fd65
Mon 07 Aug 2023 04:47:19 PM UTC: 
 exercises.c | 2 +-
 1 file changed, 1 insertion(+), 1 deletion(-)
test.c: In function ‘test_findMax’:
test.c:77:14: error: too many arguments for format [-Werror=format-extra-args]
   77 |       printf("   [FAILED] El elemento retornado no es máximo\n", result, arr[i]);
      |              ^~~~~~~~~~~~~~~~~~~~~~~~~~~~~~~~~~~~~~~~~~~~~~~~~~
test.c:84:12: error: too many arguments for format [-Werror=format-extra-args]
   84 |     printf("   [FAILED] El elemento retornado no se encuentra en el arreglo.\n", result);
      |            ^~~~~~~~~~~~~~~~~~~~~~~~~~~~~~~~~~~~~~~~~~~~~~~~~~~~~~~~~~~~~~~~~~~~
cc1: all warnings being treated as errors
Compilation failed
4515f3d
Mon 07 Aug 2023 04:47:41 PM UTC: 
 exercises.c | 2 +-
 1 file changed, 1 insertion(+), 1 deletion(-)
 tests:  0|2
total_score: 0/70
4798713
Mon 07 Aug 2023 04:47:59 PM UTC: 
 exercises.c | 2 +-
 1 file changed, 1 insertion(+), 1 deletion(-)
 tests:  0|2
total_score: 0/70
b467179
Mon 07 Aug 2023 04:48:20 PM UTC: 
 exercises.c | 2 +-
 1 file changed, 1 insertion(+), 1 deletion(-)
 tests:  1|1
total_score: 10/70
e9d3dd3
Mon 07 Aug 2023 04:51:28 PM UTC: 
 exercises.c | 2 +-
 1 file changed, 1 insertion(+), 1 deletion(-)
 tests:  0|2
total_score: 0/70
e008f0c
Mon 07 Aug 2023 04:52:49 PM UTC: 
 exercises.c | 2 +-
 1 file changed, 1 insertion(+), 1 deletion(-)
 tests:  0|2
total_score: 0/70
32c34c6
Mon 07 Aug 2023 04:54:39 PM UTC: 
 exercises.c | 2 +-
 1 file changed, 1 insertion(+), 1 deletion(-)
 tests:  0|2
total_score: 0/70
c90134f
Mon 07 Aug 2023 04:54:54 PM UTC: 
 exercises.c | 2 +-
 1 file changed, 1 insertion(+), 1 deletion(-)
 tests:  0|2
total_score: 0/70
617b10d
Mon 07 Aug 2023 05:03:40 PM UTC: 
 exercises.c | 4 ++--
 1 file changed, 2 insertions(+), 2 deletions(-)
In file included from test.c:1:
exercises.c: In function ‘filterEvenNumbers’:
exercises.c:32:68: error: returning ‘int’ from a function with return type ‘int *’ makes pointer from integer without a cast [-Werror=int-conversion]
   32 | int *filterEvenNumbers(int arr[], int size, int *newSize) { return -1; }
      |                                                                    ^
cc1: all warnings being treated as errors
Compilation failed
c6c1068
Mon 07 Aug 2023 05:03:51 PM UTC: 
 exercises.c | 2 +-
 1 file changed, 1 insertion(+), 1 deletion(-)
 tests:  0|0
3d4c5ba
Mon 07 Aug 2023 05:05:05 PM UTC: 
 exercises.c | 2 +-
 1 file changed, 1 insertion(+), 1 deletion(-)
 tests:  0|3
total_score: 0/70
c963de1
Mon 07 Aug 2023 05:08:47 PM UTC: 
 exercises.c | 2 +-
 1 file changed, 1 insertion(+), 1 deletion(-)
test.c: In function ‘readIntArray’:
test.c:116:22: error: comparison between pointer and integer [-Werror]
  116 |     for(int i = 0; i < size; i++) {
      |                      ^
test.c: In function ‘test_filterEvenNumbers’:
test.c:135:26: error: passing argument 2 of ‘readIntArray’ makes pointer from integer without a cast [-Werror=int-conversion]
  135 |     readIntArray(result, newSize);
      |                          ^~~~~~~
      |                          |
      |                          int
test.c:115:35: note: expected ‘int *’ but argument is of type ‘int’
  115 | void readIntArray(int arr[], int* size) {
      |                              ~~~~~^~~~
test.c: In function ‘readIntArray’:
test.c:118:9: error: ignoring return value of ‘scanf’ declared with attribute ‘warn_unused_result’ [-Werror=unused-result]
  118 |         scanf("%d", &k);
      |         ^~~~~~~~~~~~~~~
test.c: In function ‘test_filterEvenNumbers’:
test.c:135:5: error: ‘newSize’ is used uninitialized [-Werror=uninitialized]
  135 |     readIntArray(result, newSize);
      |     ^~~~~~~~~~~~~~~~~~~~~~~~~~~~~
cc1: all warnings being treated as errors
Compilation failed
07fbd7c
Mon 07 Aug 2023 05:09:08 PM UTC: 
 exercises.c | 2 +-
 1 file changed, 1 insertion(+), 1 deletion(-)
test.c: In function ‘test_filterEvenNumbers’:
test.c:135:26: error: passing argument 2 of ‘readIntArray’ makes pointer from integer without a cast [-Werror=int-conversion]
  135 |     readIntArray(result, newSize);
      |                          ^~~~~~~
      |                          |
      |                          int
test.c:115:35: note: expected ‘int *’ but argument is of type ‘int’
  115 | void readIntArray(int arr[], int* size) {
      |                              ~~~~~^~~~
test.c: In function ‘readIntArray’:
test.c:118:9: error: ignoring return value of ‘scanf’ declared with attribute ‘warn_unused_result’ [-Werror=unused-result]
  118 |         scanf("%d", &k);
      |         ^~~~~~~~~~~~~~~
test.c: In function ‘test_filterEvenNumbers’:
test.c:135:5: error: ‘newSize’ is used uninitialized [-Werror=uninitialized]
  135 |     readIntArray(result, newSize);
      |     ^~~~~~~~~~~~~~~~~~~~~~~~~~~~~
cc1: all warnings being treated as errors
Compilation failed
fb499f1
Mon 07 Aug 2023 05:09:25 PM UTC: 
 exercises.c | 2 +-
 1 file changed, 1 insertion(+), 1 deletion(-)
test.c: In function ‘readIntArray’:
test.c:124:5: error: ignoring return value of ‘scanf’ declared with attribute ‘warn_unused_result’ [-Werror=unused-result]
  124 |     scanf("%d", &k);
      |     ^~~~~~~~~~~~~~~
cc1: all warnings being treated as errors
Compilation failed
32ccd54
Mon 07 Aug 2023 05:11:38 PM UTC: 
 exercises.c | 2 +-
 1 file changed, 1 insertion(+), 1 deletion(-)
 tests:  0|0
74ec712
Mon 07 Aug 2023 05:13:14 PM UTC: 
 exercises.c | 2 +-
 1 file changed, 1 insertion(+), 1 deletion(-)
 tests:  0|0
40c6a15
Mon 07 Aug 2023 05:14:48 PM UTC: 
 exercises.c | 2 +-
 1 file changed, 1 insertion(+), 1 deletion(-)
 tests:  0|0
ddea0b9
Mon 07 Aug 2023 05:16:33 PM UTC: 
 exercises.c | 2 +-
 1 file changed, 1 insertion(+), 1 deletion(-)
Mon 07 Aug 2023 08:11:38 PM UTC: 
 exercises.c | 2 +-
 1 file changed, 1 insertion(+), 1 deletion(-)
 tests:  0|7
total_score: 0/70
8e146c6
